<topics>

<top>
<num>421 </num>
<title> industrial waste disposal </title>
<desc> Description: 
How is the disposal of industrial waste being accomplished
by industrial management throughout the world? 
</desc>
<narr> Narrative: 
Documents that discuss the disposal, storage, or management
of industrial waste---both standard and hazardous---are
relevant.  However, documents that discuss disposal or
storage of nuclear or radioactive waste, or the illegal
shipment or dumping of waste to avoid legal disposal
methods are not relevant.
</narr>
</top>

<top>
<num>424 </num>
<title> suicides </title>
<desc> Description: 
Give examples of alleged suicides that aroused suspicion
of the death actually being murder.
</desc>
<narr> Narrative: 
The intent of this query is to find criminal murders that 
are being disguised as suicide, but assisted suicides done
out of compassion would be relevant if someone refers to 
them as murder.
</narr>
</top>

<top>
<num>430 </num>
<title> killer bee attacks </title>
<desc> Description: 
Identify instances of attacks on humans by Africanized 
(killer) bees.  
</desc>
<narr> Narrative: 
Relevant documents must cite a specific instance of a human
attacked by killer bees.  Documents that note migration patterns
or report attacks on other animals are not relevant unless they
also cite an attack on a human.
</narr>
</top>

<top>
<num>408 </num>
<title> tropical storms </title>
<desc> Description: 
What tropical storms (hurricanes and typhoons) have
caused significant property damage and loss of life?
</desc>
<narr> Narrative: 
The date of the storm, the area affected, and the extent of 
damage/casualties are all of interest.  Documents that describe
the damage caused by a tropical storm as "slight", "limited", or
"small" are not relevant. 
</narr>
</top>

<top>
<num>422 </num>
<title> art, stolen, forged</title>
<desc> Description: 
What incidents have there been of stolen or forged art?
</desc>
<narr> Narrative: 
Instances of stolen or forged art in any media are relevant. 
Stolen mass-produced things, even though they might be 
decorative, are not relevant (unless they are mass-
produced art reproductions). Pirated software, music, movies, 
etc. are not relevant.
</narr>
</top>

<top>
<num>448 </num>
<title> ship losses </title>
<desc> Description: 
Identify instances in which weather was a main or contributing
factor in the loss of a ship at sea.  
</desc>
<narr> Narrative: 
Any ship loss due to weather is relevant, either in international
or coastal waters.
</narr>
</top>

<top>
<num>432 </num>
<title> profiling, motorists, police </title>
<desc> Description: 
Do police departments use "profiling" to stop motorists?
</desc>
<narr> Narrative: 
A relevant document will report or discuss police department 
criteria for identifying motorists considered likely to be
carrying contraband.  Documents discussing the detention of
individuals by foreign security forces are not relevant.
</narr>
</top>

<top>
<num>420 </num>
<title> carbon monoxide poisoning </title>
<desc> Description: 
How widespread is carbon monoxide poisoning on 
a global scale?
</desc>
<narr> Narrative: 
Relevant documents will contain data on
what carbon monoxide poisoning is, symptoms,
causes, and/or prevention.  Advertisements for
carbon monoxide protection products or services 
are not relevant.  Discussions of auto emissions
and air pollution are not relevant even though
they can contain carbon monoxide.
</narr>
</top>

<top>
<num>435 </num>
<title> curbing population growth </title>
<desc> Description: 
What measures have been taken worldwide and what 
countries have been effective in curbing
population growth?
</desc>
<narr> Narrative: 
A relevant document must describe an actual case in which 
population measures have been taken and their results are known.
The reduction measures must have been actively pursued;
that is, passive events such as disease or famine
involuntarily reducing the population are not relevant.
</narr>
</top>

<top>
<num>445</num>
<title> women clergy </title>
<desc> Description: 
What other countries besides the United States are considering 
or have approved women as clergy persons?
</desc>
<narr> Narrative: 
To be relevant, a document must indicate either a country 
where a woman has been installed as clergy or a country
that is considering such an installation.  The clergy position
must be as church pastor rather than some other church capacity
(e.g., nun or choir member). 
</narr>
</top>

<top>
<num>434 </num>
<title> Estonia, economy </title>
<desc> Description: 
What is the state of the economy of Estonia?
</desc>
<narr> Narrative: 
Documents that give concrete economic information
such as economic statistics, entering economic unions
and treaties, or monetary performance are relevant,
as are discussions of economic issues such as 
transportation or pollution.
</narr>
</top>

<top>
<num>419 </num>
<title> recycle, automobile tires </title>
<desc> Description: 
What new uses have been developed for old
automobile tires as a means of tire recycling?
</desc>
<narr> Narrative: 
A relevant document must show advantageous uses of
recycled tires, such as:  destructive distillation of 
scrap rubber for valuable chemicals, reef building
for fish habitats, filler or binder in asphalt
roadway mixes, and burning in a controlled 
environment for heat generation.  
</narr>
</top>

<top>
<num>425 </num>
<title> counterfeiting money </title>
<desc> Description: 
What counterfeiting of money is being done in
modern times?
</desc>
<narr> Narrative: 
Relevant documents must cite actual instances
of counterfeiting.   Anti-counterfeiting measures by
themselves are not relevant.
</narr>
</top>

<top>
<num>436 </num>
<title> railway accidents </title>
<desc> Description: 
What are the causes of railway accidents throughout
the world? 
</desc>
<narr> Narrative: 
A relevant document provides data on railway accidents
of any sort (i.e., locomotive, trolley, streetcar) where
either the railroad system or the vehicle or pedestrian
involved caused the accident.  Documents that discuss
railroading in general, new rail lines, new technology
for safety, and safety and accident prevention 
are not relevant, unless an actual accident is described.  
</narr>
</top>

<top>
<num>415 </num>
<title> drugs, Golden Triangle </title>
<desc> Description: 
What is known about drug trafficking in the
"Golden Triangle", the area where Burma,
Thailand and Laos meet?
</desc>
<narr> Narrative: 
A relevant document will discuss drug
trafficking in the Golden Triangle,
including organizations that produce or
distribute the drugs; international efforts
to combat the traffic; or the quantities of
drugs produced in the area.
</narr>
</top>

<top>
<num>418 </num>
<title> quilts, income </title>
<desc> Description: 
In what ways have quilts been used to generate income?
</desc>
<narr> Narrative: 
Documents mentioning quilting books, quilting classes,
quilted objects, and museum exhibits of quilts are all relevant.  
Documents that discuss AIDs quilts are irrelevant, unless 
there is specific mention that the quilts are being used 
for fundraising.
</narr>
</top>

<top>
<num>414 </num>
<title> Cuba, sugar, exports </title>
<desc> Description: 
How much sugar does Cuba export and which
countries import it?
</desc>
<narr> Narrative: 
A relevant document will provide information
regarding Cuba's sugar trade.  Sugar production
statistics are not relevant unless exports
are mentioned explicitly.
</narr>
</top>

<top>
<num>428 </num>
<title> declining birth rates </title>
<desc> Description: 
Do any countries other than the U.S. and China have
a declining birth rate? 
</desc>
<narr> Narrative: 
To be relevant, a document will name a country other than the U.S. 
or China in which the birth rate fell from the rate of the
previous year.  The decline need not have occurred in more
than the one preceding year.
</narr>
</top>

<top>
<num>426 </num>
<title> law enforcement, dogs </title>
<desc> Description: 
Provide information on the use of dogs worldwide for 
law enforcement purposes.
</desc>
<narr> Narrative: 
Relevant items include specific information on the
use of dogs during an operation.  Training of dogs
and their handlers are also relevant.  
</narr>
</top>

<top>
<num>406 </num>
<title> Parkinson's disease </title>
<desc> Description: 
What is being done to treat the symptoms of 
Parkinson's disease and keep the patient 
functional as long as possible?
</desc>
<narr> Narrative: 
A relevant document identifies a drug or treatment 
program utilized in patient care and provides 
an indication of success or failure.
</narr>
</top>

<top>
<num>442 </num>
<title> heroic acts </title>
<desc> Description: 
Find accounts of selfless heroic acts by individuals or 
small groups for the benefit of others or a cause.
</desc>
<narr> Narrative: 
Relevant documents will contain a description of specific
acts.  General statements concerning heroic acts are not
relevant. 
</narr>
</top>

<top>
<num>431 </num>
<title> robotic technology </title>
<desc> Description: 
What are the latest developments in robotic technology?
</desc>
<narr> Narrative: 
A relevant document will contain information on 
current applications of robotic technology.  Discussions
of robotics research or simulations of robots are
not relevant.
</narr>
</top>

<top>
<num>450 </num>
<title> King Hussein, peace </title>
<desc> Description: 
How significant a figure over the years was the late
Jordanian King Hussein in furthering peace in the 
Middle East?  
</desc>
<narr> Narrative: 
A relevant document must include mention of Israel;
King Hussein himself as opposed to other Jordanian
officials; discussion of the King's on-going, previous 
or upcoming efforts; and efforts pertinent to the peace 
process, not merely Jordan's relationship with other 
middle-east countries or the U.S. 
</narr>
</top>

<top>
<num>443 </num>
<title> U.S., investment, Africa </title>
<desc> Description: 
What is the extent of U.S. (government and private)
investment in sub-Saharan Africa?
</desc>
<narr> Narrative: 
All references to U.S. Governmental and private assistance
to sub-Saharan Africa are relevant.  Documents discussing
contributions by reason of U.S. membership in international
aid organizations are also relevant. 
</narr>
</top>

<top>
<num>403 </num>
<title> osteoporosis </title>
<desc> Description: 
Find information on the effects of the dietary intakes
of potassium, magnesium and fruits and vegetables as
determinants of bone mineral density in elderly men
and women thus preventing osteoporosis (bone decay). 
</desc>
<narr> Narrative: 
A relevant document may include one or more of the
dietary intakes in the prevention of osteoporosis.
Any discussion of the disturbance of nutrition and
mineral metabolism that results in a decrease in 
bone mass is also relevant.
</narr>
</top>

</topics>