<topics>

<top>
<num>445</num>
<title> women clergy </title>
<desc> Description: 
What other countries besides the United States are considering 
or have approved women as clergy persons?
</desc>
<narr> Narrative: 
To be relevant, a document must indicate either a country 
where a woman has been installed as clergy or a country
that is considering such an installation.  The clergy position
must be as church pastor rather than some other church capacity
(e.g., nun or choir member). 
</narr>
</top>

<top>
<num>423 </num>
<title> Milosevic, Mirjana Markovic </title>
<desc> Description: 
Find references to Milosevic's wife, Mirjana Markovic.
</desc>
<narr> Narrative: 
Any mention of the Serbian president's wife is
relevant, even if she is not named.  She may be referred to
by her nickname, Mira.  A general mention of his family, 
without specifying his wife, is not relevant. 
</narr>
</top>

<top>
<num>431 </num>
<title> robotic technology </title>
<desc> Description: 
What are the latest developments in robotic technology?
</desc>
<narr> Narrative: 
A relevant document will contain information on 
current applications of robotic technology.  Discussions
of robotics research or simulations of robots are
not relevant.
</narr>
</top>

<top>
<num>436 </num>
<title> railway accidents </title>
<desc> Description: 
What are the causes of railway accidents throughout
the world? 
</desc>
<narr> Narrative: 
A relevant document provides data on railway accidents
of any sort (i.e., locomotive, trolley, streetcar) where
either the railroad system or the vehicle or pedestrian
involved caused the accident.  Documents that discuss
railroading in general, new rail lines, new technology
for safety, and safety and accident prevention 
are not relevant, unless an actual accident is described.  
</narr>
</top>

<top>
<num>435 </num>
<title> curbing population growth </title>
<desc> Description: 
What measures have been taken worldwide and what 
countries have been effective in curbing
population growth?
</desc>
<narr> Narrative: 
A relevant document must describe an actual case in which 
population measures have been taken and their results are known.
The reduction measures must have been actively pursued;
that is, passive events such as disease or famine
involuntarily reducing the population are not relevant.
</narr>
</top>

<top>
<num>422 </num>
<title> art, stolen, forged</title>
<desc> Description: 
What incidents have there been of stolen or forged art?
</desc>
<narr> Narrative: 
Instances of stolen or forged art in any media are relevant. 
Stolen mass-produced things, even though they might be 
decorative, are not relevant (unless they are mass-
produced art reproductions). Pirated software, music, movies, 
etc. are not relevant.
</narr>
</top>

<top>
<num>428 </num>
<title> declining birth rates </title>
<desc> Description: 
Do any countries other than the U.S. and China have
a declining birth rate? 
</desc>
<narr> Narrative: 
To be relevant, a document will name a country other than the U.S. 
or China in which the birth rate fell from the rate of the
previous year.  The decline need not have occurred in more
than the one preceding year.
</narr>
</top>

<top>
<num>414 </num>
<title> Cuba, sugar, exports </title>
<desc> Description: 
How much sugar does Cuba export and which
countries import it?
</desc>
<narr> Narrative: 
A relevant document will provide information
regarding Cuba's sugar trade.  Sugar production
statistics are not relevant unless exports
are mentioned explicitly.
</narr>
</top>

<top>
<num>430 </num>
<title> killer bee attacks </title>
<desc> Description: 
Identify instances of attacks on humans by Africanized 
(killer) bees.  
</desc>
<narr> Narrative: 
Relevant documents must cite a specific instance of a human
attacked by killer bees.  Documents that note migration patterns
or report attacks on other animals are not relevant unless they
also cite an attack on a human.
</narr>
</top>

<top>
<num>410 </num>
<title> Schengen agreement </title>
<desc> Description: 
Who is involved in the Schengen agreement to eliminate border
controls in Western Europe and what do they hope to accomplish?
</desc>
<narr> Narrative: 
Relevant documents will contain any information about the
actions of signatories of the Schengen agreement such as:
measures to eliminate border controls (removal of traffic
obstacles, lifting of traffic restrictions); implementation
of the information system data bank that contains unified
visa issuance procedures; or strengthening of border controls
at the external borders of the treaty area in exchange for 
free movement at the internal borders.  Discussions of border 
crossovers for business purposes are not relevant.
</narr>
</top>

<top>
<num>424 </num>
<title> suicides </title>
<desc> Description: 
Give examples of alleged suicides that aroused suspicion
of the death actually being murder.
</desc>
<narr> Narrative: 
The intent of this query is to find criminal murders that 
are being disguised as suicide, but assisted suicides done
out of compassion would be relevant if someone refers to 
them as murder.
</narr>
</top>

<top>
<num>441 </num>
<title> Lyme disease </title>
<desc> Description: 
How do you prevent and treat Lyme disease?
</desc>
<narr> Narrative: 
Documents that discuss current prevention and
treatment techniques for Lyme disease are
relevant.  Reports of research on new
treatments of the disease are also relevant.
</narr>
</top>

<top>
<num>447 </num>
<title> Stirling engine </title>
<desc> Description: 
What new developments and applications are there
for the Stirling engine?
</desc>
<narr> Narrative: 
Any discussion of new developments and applications of the
Stirling engine (also known as the Stirling cycle) are relevant. 
</narr>
</top>

<top>
<num>426 </num>
<title> law enforcement, dogs </title>
<desc> Description: 
Provide information on the use of dogs worldwide for 
law enforcement purposes.
</desc>
<narr> Narrative: 
Relevant items include specific information on the
use of dogs during an operation.  Training of dogs
and their handlers are also relevant.  
</narr>
</top>

<top>
<num>419 </num>
<title> recycle, automobile tires </title>
<desc> Description: 
What new uses have been developed for old
automobile tires as a means of tire recycling?
</desc>
<narr> Narrative: 
A relevant document must show advantageous uses of
recycled tires, such as:  destructive distillation of 
scrap rubber for valuable chemicals, reef building
for fish habitats, filler or binder in asphalt
roadway mixes, and burning in a controlled 
environment for heat generation.  
</narr>
</top>

<top>
<num>438 </num>
<title> tourism, increase </title>
<desc> Description: 
What countries are experiencing an increase in
tourism?
</desc>
<narr> Narrative: 
A relevant document will name a country that
has experienced an increase in tourism.
The increase must represent the nation as a whole
and tourism in general, not be restricted to only
certain regions of the country or to some specific
type of tourism (e.g., adventure travel).  Documents
discussing only projected increases are not relevant.
</narr>
</top>

<top>
<num>433 </num>
<title> Greek, philosophy, stoicism </title>
<desc> Description: 
Is there contemporary interest in the Greek
philosophy of stoicism?
</desc>
<narr> Narrative: 
Actual references to the philosophy or philosophers, 
productions of Greek stoic plays, and new "stoic" 
artistic productions are all relevant.
</narr>
</top>

<top>
<num>420 </num>
<title> carbon monoxide poisoning </title>
<desc> Description: 
How widespread is carbon monoxide poisoning on 
a global scale?
</desc>
<narr> Narrative: 
Relevant documents will contain data on
what carbon monoxide poisoning is, symptoms,
causes, and/or prevention.  Advertisements for
carbon monoxide protection products or services 
are not relevant.  Discussions of auto emissions
and air pollution are not relevant even though
they can contain carbon monoxide.
</narr>
</top>

<top>
<num>432 </num>
<title> profiling, motorists, police </title>
<desc> Description: 
Do police departments use "profiling" to stop motorists?
</desc>
<narr> Narrative: 
A relevant document will report or discuss police department 
criteria for identifying motorists considered likely to be
carrying contraband.  Documents discussing the detention of
individuals by foreign security forces are not relevant.
</narr>
</top>

<top>
<num>401 </num>
<title> foreign minorities, Germany </title>
<desc> Description: 
What language and cultural differences impede the integration 
of foreign minorities in Germany?
</desc>
<narr> Narrative: 
A relevant document will focus on the causes of the lack of
integration in a significant way; that is, the mere mention of
immigration difficulties is not relevant.  Documents that discuss
immigration problems unrelated to Germany are also not relevant.  
</narr>
</top>

<top>
<num>429 </num>
<title> Legionnaires' disease </title>
<desc> Description: 
Identify outbreaks of Legionnaires' disease.
</desc>
<narr> Narrative: 
To be relevant, a document must discuss a specific outbreak
of Legionnaires' disease.  Documents that address prevention of
or cures for the disease without citing a specific case are 
not relevant.
</narr>
</top>

<top>
<num>409 </num>
<title> legal, Pan Am, 103 </title>
<desc> Description: 
What legal actions have resulted from the destruction
of Pan Am Flight 103 over Lockerbie, Scotland, on
December 21, 1988?  
</desc>
<narr> Narrative: 
Documents describing any charges, claims, or fines 
presented to or imposed by any court or tribunal are
relevant, but documents that discuss charges made in
diplomatic jousting are not relevant.
</narr>
</top>

<top>
<num>440 </num>
<title> child labor </title>
<desc> Description: 
What steps are being taken by governments or corporations 
to eliminate abuse of child labor?
</desc>
<narr> Narrative: 
A relevant document identifies an action taken by either 
a private commercial corporation or governmental organization 
to reduce or eliminate the use of child labor in manufacturing 
operations.
</narr>
</top>

<top>
<num>417 </num>
<title> creativity </title>
<desc> Description: 
Find ways of measuring creativity.
</desc>
<narr> Narrative: 
Relevant items include definitions of creativity,
descriptions of characteristics associated with
creativity, and factors linked to creativity. 
</narr>
</top>

<top>
<num>415 </num>
<title> drugs, Golden Triangle </title>
<desc> Description: 
What is known about drug trafficking in the
"Golden Triangle", the area where Burma,
Thailand and Laos meet?
</desc>
<narr> Narrative: 
A relevant document will discuss drug
trafficking in the Golden Triangle,
including organizations that produce or
distribute the drugs; international efforts
to combat the traffic; or the quantities of
drugs produced in the area.
</narr>
</top>

</topics>