<topics>

<top>
<num>403 </num>
<title> osteoporosis </title>
<desc> Description: 
Find information on the effects of the dietary intakes
of potassium, magnesium and fruits and vegetables as
determinants of bone mineral density in elderly men
and women thus preventing osteoporosis (bone decay). 
</desc>
<narr> Narrative: 
A relevant document may include one or more of the
dietary intakes in the prevention of osteoporosis.
Any discussion of the disturbance of nutrition and
mineral metabolism that results in a decrease in 
bone mass is also relevant.
</narr>
</top>

<top>
<num>445</num>
<title> women clergy </title>
<desc> Description: 
What other countries besides the United States are considering 
or have approved women as clergy persons?
</desc>
<narr> Narrative: 
To be relevant, a document must indicate either a country 
where a woman has been installed as clergy or a country
that is considering such an installation.  The clergy position
must be as church pastor rather than some other church capacity
(e.g., nun or choir member). 
</narr>
</top>

<top>
<num>404 </num>
<title> Ireland, peace talks </title>
<desc> Description: 
How often were the peace talks in Ireland delayed
or disrupted as a result of acts of violence?
</desc>
<narr> Narrative: 
Any interruptions to the peace process not directly
attributable to acts of violence are not relevant.
</narr>
</top>

<top>
<num>408 </num>
<title> tropical storms </title>
<desc> Description: 
What tropical storms (hurricanes and typhoons) have
caused significant property damage and loss of life?
</desc>
<narr> Narrative: 
The date of the storm, the area affected, and the extent of 
damage/casualties are all of interest.  Documents that describe
the damage caused by a tropical storm as "slight", "limited", or
"small" are not relevant. 
</narr>
</top>

<top>
<num>423 </num>
<title> Milosevic, Mirjana Markovic </title>
<desc> Description: 
Find references to Milosevic's wife, Mirjana Markovic.
</desc>
<narr> Narrative: 
Any mention of the Serbian president's wife is
relevant, even if she is not named.  She may be referred to
by her nickname, Mira.  A general mention of his family, 
without specifying his wife, is not relevant. 
</narr>
</top>

<top>
<num>446 </num>
<title> tourists, violence </title>
<desc> Description: 
Where are tourists likely to be subjected to
acts of violence causing bodily harm or death?
</desc>
<narr> Narrative: 
A relevant document must contain accounts of known 
harm to tourists.  Evidence of single, isolated
incidents are not relevant.
</narr>
</top>

<top>
<num>436 </num>
<title> railway accidents </title>
<desc> Description: 
What are the causes of railway accidents throughout
the world? 
</desc>
<narr> Narrative: 
A relevant document provides data on railway accidents
of any sort (i.e., locomotive, trolley, streetcar) where
either the railroad system or the vehicle or pedestrian
involved caused the accident.  Documents that discuss
railroading in general, new rail lines, new technology
for safety, and safety and accident prevention 
are not relevant, unless an actual accident is described.  
</narr>
</top>

<top>
<num>412 </num>
<title> airport security </title>
<desc> Description: 
What security measures are in effect or are proposed
to go into effect in airports?
</desc>
<narr> Narrative: 
A relevant document could identify a specific airport
and describe the security measures already in effect 
or proposed for use at that airport.  Relevant items
could also describe a failure of security that was
cited as a contributing cause of a tragedy which came 
to pass or which was later averted.  Comparisons between
and among airports based on the effectiveness of the
security of each are also relevant.
</narr>
</top>

<top>
<num>406 </num>
<title> Parkinson's disease </title>
<desc> Description: 
What is being done to treat the symptoms of 
Parkinson's disease and keep the patient 
functional as long as possible?
</desc>
<narr> Narrative: 
A relevant document identifies a drug or treatment 
program utilized in patient care and provides 
an indication of success or failure.
</narr>
</top>

<top>
<num>414 </num>
<title> Cuba, sugar, exports </title>
<desc> Description: 
How much sugar does Cuba export and which
countries import it?
</desc>
<narr> Narrative: 
A relevant document will provide information
regarding Cuba's sugar trade.  Sugar production
statistics are not relevant unless exports
are mentioned explicitly.
</narr>
</top>

<top>
<num>430 </num>
<title> killer bee attacks </title>
<desc> Description: 
Identify instances of attacks on humans by Africanized 
(killer) bees.  
</desc>
<narr> Narrative: 
Relevant documents must cite a specific instance of a human
attacked by killer bees.  Documents that note migration patterns
or report attacks on other animals are not relevant unless they
also cite an attack on a human.
</narr>
</top>

<top>
<num>405 </num>
<title> cosmic events </title>
<desc> Description: 
What unexpected or unexplained cosmic events or
celestial phenomena, such as radiation and 
supernova outbursts or new comets, have been detected?
</desc>
<narr> Narrative: 
New theories or new interpretations concerning 
known celestial objects made as a result of new 
technology are not relevant.
</narr>
</top>

<top>
<num>410 </num>
<title> Schengen agreement </title>
<desc> Description: 
Who is involved in the Schengen agreement to eliminate border
controls in Western Europe and what do they hope to accomplish?
</desc>
<narr> Narrative: 
Relevant documents will contain any information about the
actions of signatories of the Schengen agreement such as:
measures to eliminate border controls (removal of traffic
obstacles, lifting of traffic restrictions); implementation
of the information system data bank that contains unified
visa issuance procedures; or strengthening of border controls
at the external borders of the treaty area in exchange for 
free movement at the internal borders.  Discussions of border 
crossovers for business purposes are not relevant.
</narr>
</top>

<top>
<num>424 </num>
<title> suicides </title>
<desc> Description: 
Give examples of alleged suicides that aroused suspicion
of the death actually being murder.
</desc>
<narr> Narrative: 
The intent of this query is to find criminal murders that 
are being disguised as suicide, but assisted suicides done
out of compassion would be relevant if someone refers to 
them as murder.
</narr>
</top>

<top>
<num>441 </num>
<title> Lyme disease </title>
<desc> Description: 
How do you prevent and treat Lyme disease?
</desc>
<narr> Narrative: 
Documents that discuss current prevention and
treatment techniques for Lyme disease are
relevant.  Reports of research on new
treatments of the disease are also relevant.
</narr>
</top>

<top>
<num>407 </num>
<title> poaching, wildlife preserves </title>
<desc> Description: 
What is the impact of poaching on 
the world's various wildlife preserves? 
</desc>
<narr> Narrative: 
A relevant document must discuss poaching in wildlife
preserves, not in the wild itself.  Also deemed relevant
is evidence of preventive measures being taken by local
authorities.
</narr>
</top>

<top>
<num>447 </num>
<title> Stirling engine </title>
<desc> Description: 
What new developments and applications are there
for the Stirling engine?
</desc>
<narr> Narrative: 
Any discussion of new developments and applications of the
Stirling engine (also known as the Stirling cycle) are relevant. 
</narr>
</top>

<top>
<num>419 </num>
<title> recycle, automobile tires </title>
<desc> Description: 
What new uses have been developed for old
automobile tires as a means of tire recycling?
</desc>
<narr> Narrative: 
A relevant document must show advantageous uses of
recycled tires, such as:  destructive distillation of 
scrap rubber for valuable chemicals, reef building
for fish habitats, filler or binder in asphalt
roadway mixes, and burning in a controlled 
environment for heat generation.  
</narr>
</top>

<top>
<num>402 </num>
<title> behavioral genetics </title>
<desc> Description: 
What is happening in the field of behavioral genetics,
the study of the relative influence of genetic
and environmental factors on an individual's behavior
or personality?
</desc>
<narr> Narrative: 
Documents describing genetic or environmental factors relating
to understanding and preventing substance abuse and addictions
are relevant.  Documents pertaining to attention deficit disorders
tied in with genetics are also relevant, as are genetic disorders 
affecting hearing or muscles.  The genome project is relevant
when tied in with behavior disorders (i.e., mood disorders,
Alzheimer's disease). 
</narr>
</top>

<top>
<num>438 </num>
<title> tourism, increase </title>
<desc> Description: 
What countries are experiencing an increase in
tourism?
</desc>
<narr> Narrative: 
A relevant document will name a country that
has experienced an increase in tourism.
The increase must represent the nation as a whole
and tourism in general, not be restricted to only
certain regions of the country or to some specific
type of tourism (e.g., adventure travel).  Documents
discussing only projected increases are not relevant.
</narr>
</top>

<top>
<num>418 </num>
<title> quilts, income </title>
<desc> Description: 
In what ways have quilts been used to generate income?
</desc>
<narr> Narrative: 
Documents mentioning quilting books, quilting classes,
quilted objects, and museum exhibits of quilts are all relevant.  
Documents that discuss AIDs quilts are irrelevant, unless 
there is specific mention that the quilts are being used 
for fundraising.
</narr>
</top>

<top>
<num>437 </num>
<title> deregulation, gas, electric </title>
<desc> Description: 
What has been the experience of residential utility
customers following deregulation of gas and electric?
</desc>
<narr> Narrative: 
Documents that discuss privatization of government-
owned utilities alone are not relevant.  Also, not
relevant are documents that discuss the deregulation 
of utilities for commercial customers.
</narr>
</top>

<top>
<num>429 </num>
<title> Legionnaires' disease </title>
<desc> Description: 
Identify outbreaks of Legionnaires' disease.
</desc>
<narr> Narrative: 
To be relevant, a document must discuss a specific outbreak
of Legionnaires' disease.  Documents that address prevention of
or cures for the disease without citing a specific case are 
not relevant.
</narr>
</top>

<top>
<num>417 </num>
<title> creativity </title>
<desc> Description: 
Find ways of measuring creativity.
</desc>
<narr> Narrative: 
Relevant items include definitions of creativity,
descriptions of characteristics associated with
creativity, and factors linked to creativity. 
</narr>
</top>

<top>
<num>415 </num>
<title> drugs, Golden Triangle </title>
<desc> Description: 
What is known about drug trafficking in the
"Golden Triangle", the area where Burma,
Thailand and Laos meet?
</desc>
<narr> Narrative: 
A relevant document will discuss drug
trafficking in the Golden Triangle,
including organizations that produce or
distribute the drugs; international efforts
to combat the traffic; or the quantities of
drugs produced in the area.
</narr>
</top>

</topics>