<topics>

<top>
<num>425 </num>
<title> counterfeiting money </title>
<desc> Description: 
What counterfeiting of money is being done in
modern times?
</desc>
<narr> Narrative: 
Relevant documents must cite actual instances
of counterfeiting.   Anti-counterfeiting measures by
themselves are not relevant.
</narr>
</top>

<top>
<num>403 </num>
<title> osteoporosis </title>
<desc> Description: 
Find information on the effects of the dietary intakes
of potassium, magnesium and fruits and vegetables as
determinants of bone mineral density in elderly men
and women thus preventing osteoporosis (bone decay). 
</desc>
<narr> Narrative: 
A relevant document may include one or more of the
dietary intakes in the prevention of osteoporosis.
Any discussion of the disturbance of nutrition and
mineral metabolism that results in a decrease in 
bone mass is also relevant.
</narr>
</top>

<top>
<num>427</num>
<title> UV damage, eyes </title>
<desc> Description: 
Find documents that discuss the damage ultraviolet (UV)
light from the sun can do to eyes.
</desc>
<narr> Narrative: 
A relevant document will discuss diseases that result
from exposure of the eyes to UV light, treatments
for the damage, and/or education programs that help
prevent damage.  Documents discussing treatment
methods for cataracts and ocular melanoma are relevant
even when a specific cause is not mentioned.  However,
documents that discuss radiation damage from nuclear
sources or lasers are not relevant.
</narr>
</top>

<top>
<num>446 </num>
<title> tourists, violence </title>
<desc> Description: 
Where are tourists likely to be subjected to
acts of violence causing bodily harm or death?
</desc>
<narr> Narrative: 
A relevant document must contain accounts of known 
harm to tourists.  Evidence of single, isolated
incidents are not relevant.
</narr>
</top>

<top>
<num>431 </num>
<title> robotic technology </title>
<desc> Description: 
What are the latest developments in robotic technology?
</desc>
<narr> Narrative: 
A relevant document will contain information on 
current applications of robotic technology.  Discussions
of robotics research or simulations of robots are
not relevant.
</narr>
</top>

<top>
<num>436 </num>
<title> railway accidents </title>
<desc> Description: 
What are the causes of railway accidents throughout
the world? 
</desc>
<narr> Narrative: 
A relevant document provides data on railway accidents
of any sort (i.e., locomotive, trolley, streetcar) where
either the railroad system or the vehicle or pedestrian
involved caused the accident.  Documents that discuss
railroading in general, new rail lines, new technology
for safety, and safety and accident prevention 
are not relevant, unless an actual accident is described.  
</narr>
</top>

<top>
<num>412 </num>
<title> airport security </title>
<desc> Description: 
What security measures are in effect or are proposed
to go into effect in airports?
</desc>
<narr> Narrative: 
A relevant document could identify a specific airport
and describe the security measures already in effect 
or proposed for use at that airport.  Relevant items
could also describe a failure of security that was
cited as a contributing cause of a tragedy which came 
to pass or which was later averted.  Comparisons between
and among airports based on the effectiveness of the
security of each are also relevant.
</narr>
</top>

<top>
<num>435 </num>
<title> curbing population growth </title>
<desc> Description: 
What measures have been taken worldwide and what 
countries have been effective in curbing
population growth?
</desc>
<narr> Narrative: 
A relevant document must describe an actual case in which 
population measures have been taken and their results are known.
The reduction measures must have been actively pursued;
that is, passive events such as disease or famine
involuntarily reducing the population are not relevant.
</narr>
</top>

<top>
<num>406 </num>
<title> Parkinson's disease </title>
<desc> Description: 
What is being done to treat the symptoms of 
Parkinson's disease and keep the patient 
functional as long as possible?
</desc>
<narr> Narrative: 
A relevant document identifies a drug or treatment 
program utilized in patient care and provides 
an indication of success or failure.
</narr>
</top>

<top>
<num>430 </num>
<title> killer bee attacks </title>
<desc> Description: 
Identify instances of attacks on humans by Africanized 
(killer) bees.  
</desc>
<narr> Narrative: 
Relevant documents must cite a specific instance of a human
attacked by killer bees.  Documents that note migration patterns
or report attacks on other animals are not relevant unless they
also cite an attack on a human.
</narr>
</top>

<top>
<num>410 </num>
<title> Schengen agreement </title>
<desc> Description: 
Who is involved in the Schengen agreement to eliminate border
controls in Western Europe and what do they hope to accomplish?
</desc>
<narr> Narrative: 
Relevant documents will contain any information about the
actions of signatories of the Schengen agreement such as:
measures to eliminate border controls (removal of traffic
obstacles, lifting of traffic restrictions); implementation
of the information system data bank that contains unified
visa issuance procedures; or strengthening of border controls
at the external borders of the treaty area in exchange for 
free movement at the internal borders.  Discussions of border 
crossovers for business purposes are not relevant.
</narr>
</top>

<top>
<num>424 </num>
<title> suicides </title>
<desc> Description: 
Give examples of alleged suicides that aroused suspicion
of the death actually being murder.
</desc>
<narr> Narrative: 
The intent of this query is to find criminal murders that 
are being disguised as suicide, but assisted suicides done
out of compassion would be relevant if someone refers to 
them as murder.
</narr>
</top>

<top>
<num>441 </num>
<title> Lyme disease </title>
<desc> Description: 
How do you prevent and treat Lyme disease?
</desc>
<narr> Narrative: 
Documents that discuss current prevention and
treatment techniques for Lyme disease are
relevant.  Reports of research on new
treatments of the disease are also relevant.
</narr>
</top>

<top>
<num>447 </num>
<title> Stirling engine </title>
<desc> Description: 
What new developments and applications are there
for the Stirling engine?
</desc>
<narr> Narrative: 
Any discussion of new developments and applications of the
Stirling engine (also known as the Stirling cycle) are relevant. 
</narr>
</top>

<top>
<num>419 </num>
<title> recycle, automobile tires </title>
<desc> Description: 
What new uses have been developed for old
automobile tires as a means of tire recycling?
</desc>
<narr> Narrative: 
A relevant document must show advantageous uses of
recycled tires, such as:  destructive distillation of 
scrap rubber for valuable chemicals, reef building
for fish habitats, filler or binder in asphalt
roadway mixes, and burning in a controlled 
environment for heat generation.  
</narr>
</top>

<top>
<num>411 </num>
<title> salvaging, shipwreck, treasure </title>
<desc> Description: 
Find information on shipwreck salvaging: the
recovery or attempted recovery of treasure from
sunken ships.
</desc>
<narr> Narrative: 
A relevant document will provide information on
the actual locating and recovery of treasure; 
on the technology which makes possible the discovery,
location and investigation of wreckages which 
contain or are suspected of containing treasure; or
on the disposition of the recovered treasure. 
</narr>
</top>

<top>
<num>420 </num>
<title> carbon monoxide poisoning </title>
<desc> Description: 
How widespread is carbon monoxide poisoning on 
a global scale?
</desc>
<narr> Narrative: 
Relevant documents will contain data on
what carbon monoxide poisoning is, symptoms,
causes, and/or prevention.  Advertisements for
carbon monoxide protection products or services 
are not relevant.  Discussions of auto emissions
and air pollution are not relevant even though
they can contain carbon monoxide.
</narr>
</top>

<top>
<num>432 </num>
<title> profiling, motorists, police </title>
<desc> Description: 
Do police departments use "profiling" to stop motorists?
</desc>
<narr> Narrative: 
A relevant document will report or discuss police department 
criteria for identifying motorists considered likely to be
carrying contraband.  Documents discussing the detention of
individuals by foreign security forces are not relevant.
</narr>
</top>

<top>
<num>401 </num>
<title> foreign minorities, Germany </title>
<desc> Description: 
What language and cultural differences impede the integration 
of foreign minorities in Germany?
</desc>
<narr> Narrative: 
A relevant document will focus on the causes of the lack of
integration in a significant way; that is, the mere mention of
immigration difficulties is not relevant.  Documents that discuss
immigration problems unrelated to Germany are also not relevant.  
</narr>
</top>

<top>
<num>429 </num>
<title> Legionnaires' disease </title>
<desc> Description: 
Identify outbreaks of Legionnaires' disease.
</desc>
<narr> Narrative: 
To be relevant, a document must discuss a specific outbreak
of Legionnaires' disease.  Documents that address prevention of
or cures for the disease without citing a specific case are 
not relevant.
</narr>
</top>

<top>
<num>409 </num>
<title> legal, Pan Am, 103 </title>
<desc> Description: 
What legal actions have resulted from the destruction
of Pan Am Flight 103 over Lockerbie, Scotland, on
December 21, 1988?  
</desc>
<narr> Narrative: 
Documents describing any charges, claims, or fines 
presented to or imposed by any court or tribunal are
relevant, but documents that discuss charges made in
diplomatic jousting are not relevant.
</narr>
</top>

<top>
<num>440 </num>
<title> child labor </title>
<desc> Description: 
What steps are being taken by governments or corporations 
to eliminate abuse of child labor?
</desc>
<narr> Narrative: 
A relevant document identifies an action taken by either 
a private commercial corporation or governmental organization 
to reduce or eliminate the use of child labor in manufacturing 
operations.
</narr>
</top>

<top>
<num>439 </num>
<title> inventions, scientific discoveries </title>
<desc> Description: 
What new inventions or scientific discoveries have been
made?  
</desc>
<narr> Narrative: 
The word "new" in the description is defined as occurring
in the 1990s.  Documents that indicate a "recent" 
invention or scientific discovery are considered relevant.
Discoveries made in astronomy or any scientific discoveries
that are not patentable are not relevant.  
</narr>
</top>

<top>
<num>444 </num>
<title> supercritical fluids</title>
<desc> Description: 
What are the potential uses for supercritical fluids
as an environmental protection measure?
</desc>
<narr> Narrative: 
To be relevant, a document must indicate that the 
fluid involved is achieved by a process of pressurization
producing the supercritical fluid.
</narr>
</top>

<top>
<num>415 </num>
<title> drugs, Golden Triangle </title>
<desc> Description: 
What is known about drug trafficking in the
"Golden Triangle", the area where Burma,
Thailand and Laos meet?
</desc>
<narr> Narrative: 
A relevant document will discuss drug
trafficking in the Golden Triangle,
including organizations that produce or
distribute the drugs; international efforts
to combat the traffic; or the quantities of
drugs produced in the area.
</narr>
</top>

</topics>