<topics>

<top>
<num>421 </num>
<title> industrial waste disposal </title>
<desc> Description: 
How is the disposal of industrial waste being accomplished
by industrial management throughout the world? 
</desc>
<narr> Narrative: 
Documents that discuss the disposal, storage, or management
of industrial waste---both standard and hazardous---are
relevant.  However, documents that discuss disposal or
storage of nuclear or radioactive waste, or the illegal
shipment or dumping of waste to avoid legal disposal
methods are not relevant.
</narr>
</top>

<top>
<num>444 </num>
<title> supercritical fluids</title>
<desc> Description: 
What are the potential uses for supercritical fluids
as an environmental protection measure?
</desc>
<narr> Narrative: 
To be relevant, a document must indicate that the 
fluid involved is achieved by a process of pressurization
producing the supercritical fluid.
</narr>
</top>

<top>
<num>429 </num>
<title> Legionnaires' disease </title>
<desc> Description: 
Identify outbreaks of Legionnaires' disease.
</desc>
<narr> Narrative: 
To be relevant, a document must discuss a specific outbreak
of Legionnaires' disease.  Documents that address prevention of
or cures for the disease without citing a specific case are 
not relevant.
</narr>
</top>

<top>
<num>408 </num>
<title> tropical storms </title>
<desc> Description: 
What tropical storms (hurricanes and typhoons) have
caused significant property damage and loss of life?
</desc>
<narr> Narrative: 
The date of the storm, the area affected, and the extent of 
damage/casualties are all of interest.  Documents that describe
the damage caused by a tropical storm as "slight", "limited", or
"small" are not relevant. 
</narr>
</top>

<top>
<num>422 </num>
<title> art, stolen, forged</title>
<desc> Description: 
What incidents have there been of stolen or forged art?
</desc>
<narr> Narrative: 
Instances of stolen or forged art in any media are relevant. 
Stolen mass-produced things, even though they might be 
decorative, are not relevant (unless they are mass-
produced art reproductions). Pirated software, music, movies, 
etc. are not relevant.
</narr>
</top>

<top>
<num>441 </num>
<title> Lyme disease </title>
<desc> Description: 
How do you prevent and treat Lyme disease?
</desc>
<narr> Narrative: 
Documents that discuss current prevention and
treatment techniques for Lyme disease are
relevant.  Reports of research on new
treatments of the disease are also relevant.
</narr>
</top>

<top>
<num>423 </num>
<title> Milosevic, Mirjana Markovic </title>
<desc> Description: 
Find references to Milosevic's wife, Mirjana Markovic.
</desc>
<narr> Narrative: 
Any mention of the Serbian president's wife is
relevant, even if she is not named.  She may be referred to
by her nickname, Mira.  A general mention of his family, 
without specifying his wife, is not relevant. 
</narr>
</top>

<top>
<num>402 </num>
<title> behavioral genetics </title>
<desc> Description: 
What is happening in the field of behavioral genetics,
the study of the relative influence of genetic
and environmental factors on an individual's behavior
or personality?
</desc>
<narr> Narrative: 
Documents describing genetic or environmental factors relating
to understanding and preventing substance abuse and addictions
are relevant.  Documents pertaining to attention deficit disorders
tied in with genetics are also relevant, as are genetic disorders 
affecting hearing or muscles.  The genome project is relevant
when tied in with behavior disorders (i.e., mood disorders,
Alzheimer's disease). 
</narr>
</top>

<top>
<num>432 </num>
<title> profiling, motorists, police </title>
<desc> Description: 
Do police departments use "profiling" to stop motorists?
</desc>
<narr> Narrative: 
A relevant document will report or discuss police department 
criteria for identifying motorists considered likely to be
carrying contraband.  Documents discussing the detention of
individuals by foreign security forces are not relevant.
</narr>
</top>

<top>
<num>410 </num>
<title> Schengen agreement </title>
<desc> Description: 
Who is involved in the Schengen agreement to eliminate border
controls in Western Europe and what do they hope to accomplish?
</desc>
<narr> Narrative: 
Relevant documents will contain any information about the
actions of signatories of the Schengen agreement such as:
measures to eliminate border controls (removal of traffic
obstacles, lifting of traffic restrictions); implementation
of the information system data bank that contains unified
visa issuance procedures; or strengthening of border controls
at the external borders of the treaty area in exchange for 
free movement at the internal borders.  Discussions of border 
crossovers for business purposes are not relevant.
</narr>
</top>

<top>
<num>445</num>
<title> women clergy </title>
<desc> Description: 
What other countries besides the United States are considering 
or have approved women as clergy persons?
</desc>
<narr> Narrative: 
To be relevant, a document must indicate either a country 
where a woman has been installed as clergy or a country
that is considering such an installation.  The clergy position
must be as church pastor rather than some other church capacity
(e.g., nun or choir member). 
</narr>
</top>

<top>
<num>425 </num>
<title> counterfeiting money </title>
<desc> Description: 
What counterfeiting of money is being done in
modern times?
</desc>
<narr> Narrative: 
Relevant documents must cite actual instances
of counterfeiting.   Anti-counterfeiting measures by
themselves are not relevant.
</narr>
</top>

<top>
<num>418 </num>
<title> quilts, income </title>
<desc> Description: 
In what ways have quilts been used to generate income?
</desc>
<narr> Narrative: 
Documents mentioning quilting books, quilting classes,
quilted objects, and museum exhibits of quilts are all relevant.  
Documents that discuss AIDs quilts are irrelevant, unless 
there is specific mention that the quilts are being used 
for fundraising.
</narr>
</top>

<top>
<num>427</num>
<title> UV damage, eyes </title>
<desc> Description: 
Find documents that discuss the damage ultraviolet (UV)
light from the sun can do to eyes.
</desc>
<narr> Narrative: 
A relevant document will discuss diseases that result
from exposure of the eyes to UV light, treatments
for the damage, and/or education programs that help
prevent damage.  Documents discussing treatment
methods for cataracts and ocular melanoma are relevant
even when a specific cause is not mentioned.  However,
documents that discuss radiation damage from nuclear
sources or lasers are not relevant.
</narr>
</top>

<top>
<num>401 </num>
<title> foreign minorities, Germany </title>
<desc> Description: 
What language and cultural differences impede the integration 
of foreign minorities in Germany?
</desc>
<narr> Narrative: 
A relevant document will focus on the causes of the lack of
integration in a significant way; that is, the mere mention of
immigration difficulties is not relevant.  Documents that discuss
immigration problems unrelated to Germany are also not relevant.  
</narr>
</top>

<top>
<num>416 </num>
<title> Three Gorges Project </title>
<desc> Description: 
What is the status of The Three Gorges Project?
</desc>
<narr> Narrative: 
A relevant document will provide the projected
date of completion of the project, its estimated
total cost, or the estimated electrical output of
the the finished project.  Discussions of the
social, political, or ecological impact of the
project are not relevant.
</narr>
</top>

<top>
<num>438 </num>
<title> tourism, increase </title>
<desc> Description: 
What countries are experiencing an increase in
tourism?
</desc>
<narr> Narrative: 
A relevant document will name a country that
has experienced an increase in tourism.
The increase must represent the nation as a whole
and tourism in general, not be restricted to only
certain regions of the country or to some specific
type of tourism (e.g., adventure travel).  Documents
discussing only projected increases are not relevant.
</narr>
</top>

<top>
<num>439 </num>
<title> inventions, scientific discoveries </title>
<desc> Description: 
What new inventions or scientific discoveries have been
made?  
</desc>
<narr> Narrative: 
The word "new" in the description is defined as occurring
in the 1990s.  Documents that indicate a "recent" 
invention or scientific discovery are considered relevant.
Discoveries made in astronomy or any scientific discoveries
that are not patentable are not relevant.  
</narr>
</top>

<top>
<num>406 </num>
<title> Parkinson's disease </title>
<desc> Description: 
What is being done to treat the symptoms of 
Parkinson's disease and keep the patient 
functional as long as possible?
</desc>
<narr> Narrative: 
A relevant document identifies a drug or treatment 
program utilized in patient care and provides 
an indication of success or failure.
</narr>
</top>

<top>
<num>442 </num>
<title> heroic acts </title>
<desc> Description: 
Find accounts of selfless heroic acts by individuals or 
small groups for the benefit of others or a cause.
</desc>
<narr> Narrative: 
Relevant documents will contain a description of specific
acts.  General statements concerning heroic acts are not
relevant. 
</narr>
</top>

<top>
<num>449 </num>
<title> antibiotics ineffectiveness </title>
<desc> Description: 
What has caused the current ineffectiveness of
antibiotics against infections and what is
the prognosis for new drugs?
</desc>
<narr> Narrative: 
To be relevant, a document must discuss the reasons or 
causes for the ineffectiveness of current antibiotics.
Relevant documents may also include efforts by pharmaceutical
companies and federal government agencies to find new cures, 
updating current testing phases, new drugs being tested,
and the prognosis for the availability of new and effective
antibiotics. 
</narr>
</top>

<top>
<num>431 </num>
<title> robotic technology </title>
<desc> Description: 
What are the latest developments in robotic technology?
</desc>
<narr> Narrative: 
A relevant document will contain information on 
current applications of robotic technology.  Discussions
of robotics research or simulations of robots are
not relevant.
</narr>
</top>

<top>
<num>450 </num>
<title> King Hussein, peace </title>
<desc> Description: 
How significant a figure over the years was the late
Jordanian King Hussein in furthering peace in the 
Middle East?  
</desc>
<narr> Narrative: 
A relevant document must include mention of Israel;
King Hussein himself as opposed to other Jordanian
officials; discussion of the King's on-going, previous 
or upcoming efforts; and efforts pertinent to the peace 
process, not merely Jordan's relationship with other 
middle-east countries or the U.S. 
</narr>
</top>

<top>
<num>440 </num>
<title> child labor </title>
<desc> Description: 
What steps are being taken by governments or corporations 
to eliminate abuse of child labor?
</desc>
<narr> Narrative: 
A relevant document identifies an action taken by either 
a private commercial corporation or governmental organization 
to reduce or eliminate the use of child labor in manufacturing 
operations.
</narr>
</top>

<top>
<num>403 </num>
<title> osteoporosis </title>
<desc> Description: 
Find information on the effects of the dietary intakes
of potassium, magnesium and fruits and vegetables as
determinants of bone mineral density in elderly men
and women thus preventing osteoporosis (bone decay). 
</desc>
<narr> Narrative: 
A relevant document may include one or more of the
dietary intakes in the prevention of osteoporosis.
Any discussion of the disturbance of nutrition and
mineral metabolism that results in a decrease in 
bone mass is also relevant.
</narr>
</top>

</topics>